2024-02-16 12:37:26,233 INFO: TechBlog`s startup [in C:\Users\Administrator\Desktop\Software_Engineering\MiniProjects\techblog\app\__init__.py:46]
2024-02-16 12:41:18,474 INFO: TechBlog`s startup [in C:\Users\Administrator\Desktop\Software_Engineering\MiniProjects\techblog\app\__init__.py:46]
2024-02-16 12:42:01,745 INFO: TechBlog`s startup [in C:\Users\Administrator\Desktop\Software_Engineering\MiniProjects\techblog\app\__init__.py:46]
2024-02-19 09:07:02,475 INFO: TechBlog`s startup [in C:\Users\Administrator\Desktop\Software_Engineering\MiniProjects\techblog\app\__init__.py:46]
2024-02-19 09:57:31,865 INFO: TechBlog`s startup [in C:\Users\Administrator\Desktop\Software_Engineering\MiniProjects\techblog\app\__init__.py:46]
2024-02-19 09:57:59,282 INFO: TechBlog`s startup [in C:\Users\Administrator\Desktop\Software_Engineering\MiniProjects\techblog\app\__init__.py:46]
2024-02-19 11:01:55,150 INFO: TechBlog`s startup [in C:\Users\Administrator\Desktop\Software_Engineering\MiniProjects\techblog\app\__init__.py:46]
2024-02-27 11:45:42,979 INFO: TechBlog`s startup [in C:\Users\Administrator\Desktop\Software_Engineering\MiniProjects\techblog\app\__init__.py:46]
2024-02-27 12:09:12,053 INFO: TechBlog`s startup [in C:\Users\Administrator\Desktop\Software_Engineering\MiniProjects\techblog\app\__init__.py:46]
2024-02-27 12:09:48,987 INFO: TechBlog`s startup [in C:\Users\Administrator\Desktop\Software_Engineering\MiniProjects\techblog\app\__init__.py:46]
2024-02-27 12:30:49,212 INFO: TechBlog`s startup [in C:\Users\Administrator\Desktop\Software_Engineering\MiniProjects\techblog\app\__init__.py:46]
2024-02-27 12:34:55,414 INFO: TechBlog`s startup [in C:\Users\Administrator\Desktop\Software_Engineering\MiniProjects\techblog\app\__init__.py:46]
2024-02-27 12:34:56,512 ERROR: Exception on / [GET] [in C:\Users\Administrator\Desktop\Software_Engineering\MiniProjects\techblog\venv\Lib\site-packages\flask\app.py:825]
Traceback (most recent call last):
  File "C:\Users\Administrator\Desktop\Software_Engineering\MiniProjects\techblog\venv\Lib\site-packages\flask\app.py", line 1455, in wsgi_app
    response = self.full_dispatch_request()
               ^^^^^^^^^^^^^^^^^^^^^^^^^^^^
  File "C:\Users\Administrator\Desktop\Software_Engineering\MiniProjects\techblog\venv\Lib\site-packages\flask\app.py", line 869, in full_dispatch_request
    rv = self.handle_user_exception(e)
         ^^^^^^^^^^^^^^^^^^^^^^^^^^^^^
  File "C:\Users\Administrator\Desktop\Software_Engineering\MiniProjects\techblog\venv\Lib\site-packages\flask\app.py", line 867, in full_dispatch_request
    rv = self.dispatch_request()
         ^^^^^^^^^^^^^^^^^^^^^^^
  File "C:\Users\Administrator\Desktop\Software_Engineering\MiniProjects\techblog\venv\Lib\site-packages\flask\app.py", line 852, in dispatch_request
    return self.ensure_sync(self.view_functions[rule.endpoint])(**view_args)
           ^^^^^^^^^^^^^^^^^^^^^^^^^^^^^^^^^^^^^^^^^^^^^^^^^^^^^^^^^^^^^^^^^
  File "C:\Users\Administrator\Desktop\Software_Engineering\MiniProjects\techblog\venv\Lib\site-packages\flask_login\utils.py", line 290, in decorated_view
    return current_app.ensure_sync(func)(*args, **kwargs)
           ^^^^^^^^^^^^^^^^^^^^^^^^^^^^^^^^^^^^^^^^^^^^^^
  File "C:\Users\Administrator\Desktop\Software_Engineering\MiniProjects\techblog\app\routes.py", line 31, in index
    return render_template('index.html', title='Home Page', form=form,
           ^^^^^^^^^^^^^^^^^^^^^^^^^^^^^^^^^^^^^^^^^^^^^^^^^^^^^^^^^^^
  File "C:\Users\Administrator\Desktop\Software_Engineering\MiniProjects\techblog\venv\Lib\site-packages\flask\templating.py", line 151, in render_template
    template = app.jinja_env.get_or_select_template(template_name_or_list)
               ^^^^^^^^^^^^^^^^^^^^^^^^^^^^^^^^^^^^^^^^^^^^^^^^^^^^^^^^^^^
  File "C:\Users\Administrator\Desktop\Software_Engineering\MiniProjects\techblog\venv\Lib\site-packages\jinja2\environment.py", line 1081, in get_or_select_template
    return self.get_template(template_name_or_list, parent, globals)
           ^^^^^^^^^^^^^^^^^^^^^^^^^^^^^^^^^^^^^^^^^^^^^^^^^^^^^^^^^
  File "C:\Users\Administrator\Desktop\Software_Engineering\MiniProjects\techblog\venv\Lib\site-packages\jinja2\environment.py", line 1010, in get_template
    return self._load_template(name, globals)
           ^^^^^^^^^^^^^^^^^^^^^^^^^^^^^^^^^^
  File "C:\Users\Administrator\Desktop\Software_Engineering\MiniProjects\techblog\venv\Lib\site-packages\jinja2\environment.py", line 969, in _load_template
    template = self.loader.load(self, name, self.make_globals(globals))
               ^^^^^^^^^^^^^^^^^^^^^^^^^^^^^^^^^^^^^^^^^^^^^^^^^^^^^^^^
  File "C:\Users\Administrator\Desktop\Software_Engineering\MiniProjects\techblog\venv\Lib\site-packages\jinja2\loaders.py", line 137, in load
    code = environment.compile(source, name, filename)
           ^^^^^^^^^^^^^^^^^^^^^^^^^^^^^^^^^^^^^^^^^^^
  File "C:\Users\Administrator\Desktop\Software_Engineering\MiniProjects\techblog\venv\Lib\site-packages\jinja2\environment.py", line 768, in compile
    self.handle_exception(source=source_hint)
  File "C:\Users\Administrator\Desktop\Software_Engineering\MiniProjects\techblog\venv\Lib\site-packages\jinja2\environment.py", line 936, in handle_exception
    raise rewrite_traceback_stack(source=source)
  File "C:\Users\Administrator\Desktop\Software_Engineering\MiniProjects\techblog\app\templates\index.html", line 25, in template
    {% end_if %}
jinja2.exceptions.TemplateSyntaxError: Encountered unknown tag 'end_if'. Jinja was looking for the following tags: 'elif' or 'else' or 'endif'. The innermost block that needs to be closed is 'if'.
2024-02-27 12:35:28,116 INFO: TechBlog`s startup [in C:\Users\Administrator\Desktop\Software_Engineering\MiniProjects\techblog\app\__init__.py:46]
2024-02-27 12:35:29,913 ERROR: Exception on / [GET] [in C:\Users\Administrator\Desktop\Software_Engineering\MiniProjects\techblog\venv\Lib\site-packages\flask\app.py:825]
Traceback (most recent call last):
  File "C:\Users\Administrator\Desktop\Software_Engineering\MiniProjects\techblog\venv\Lib\site-packages\flask\app.py", line 1455, in wsgi_app
    response = self.full_dispatch_request()
               ^^^^^^^^^^^^^^^^^^^^^^^^^^^^
  File "C:\Users\Administrator\Desktop\Software_Engineering\MiniProjects\techblog\venv\Lib\site-packages\flask\app.py", line 869, in full_dispatch_request
    rv = self.handle_user_exception(e)
         ^^^^^^^^^^^^^^^^^^^^^^^^^^^^^
  File "C:\Users\Administrator\Desktop\Software_Engineering\MiniProjects\techblog\venv\Lib\site-packages\flask\app.py", line 867, in full_dispatch_request
    rv = self.dispatch_request()
         ^^^^^^^^^^^^^^^^^^^^^^^
  File "C:\Users\Administrator\Desktop\Software_Engineering\MiniProjects\techblog\venv\Lib\site-packages\flask\app.py", line 852, in dispatch_request
    return self.ensure_sync(self.view_functions[rule.endpoint])(**view_args)
           ^^^^^^^^^^^^^^^^^^^^^^^^^^^^^^^^^^^^^^^^^^^^^^^^^^^^^^^^^^^^^^^^^
  File "C:\Users\Administrator\Desktop\Software_Engineering\MiniProjects\techblog\venv\Lib\site-packages\flask_login\utils.py", line 290, in decorated_view
    return current_app.ensure_sync(func)(*args, **kwargs)
           ^^^^^^^^^^^^^^^^^^^^^^^^^^^^^^^^^^^^^^^^^^^^^^
  File "C:\Users\Administrator\Desktop\Software_Engineering\MiniProjects\techblog\app\routes.py", line 31, in index
    return render_template('index.html', title='Home Page', form=form,
           ^^^^^^^^^^^^^^^^^^^^^^^^^^^^^^^^^^^^^^^^^^^^^^^^^^^^^^^^^^^
  File "C:\Users\Administrator\Desktop\Software_Engineering\MiniProjects\techblog\venv\Lib\site-packages\flask\templating.py", line 151, in render_template
    template = app.jinja_env.get_or_select_template(template_name_or_list)
               ^^^^^^^^^^^^^^^^^^^^^^^^^^^^^^^^^^^^^^^^^^^^^^^^^^^^^^^^^^^
  File "C:\Users\Administrator\Desktop\Software_Engineering\MiniProjects\techblog\venv\Lib\site-packages\jinja2\environment.py", line 1081, in get_or_select_template
    return self.get_template(template_name_or_list, parent, globals)
           ^^^^^^^^^^^^^^^^^^^^^^^^^^^^^^^^^^^^^^^^^^^^^^^^^^^^^^^^^
  File "C:\Users\Administrator\Desktop\Software_Engineering\MiniProjects\techblog\venv\Lib\site-packages\jinja2\environment.py", line 1010, in get_template
    return self._load_template(name, globals)
           ^^^^^^^^^^^^^^^^^^^^^^^^^^^^^^^^^^
  File "C:\Users\Administrator\Desktop\Software_Engineering\MiniProjects\techblog\venv\Lib\site-packages\jinja2\environment.py", line 969, in _load_template
    template = self.loader.load(self, name, self.make_globals(globals))
               ^^^^^^^^^^^^^^^^^^^^^^^^^^^^^^^^^^^^^^^^^^^^^^^^^^^^^^^^
  File "C:\Users\Administrator\Desktop\Software_Engineering\MiniProjects\techblog\venv\Lib\site-packages\jinja2\loaders.py", line 137, in load
    code = environment.compile(source, name, filename)
           ^^^^^^^^^^^^^^^^^^^^^^^^^^^^^^^^^^^^^^^^^^^
  File "C:\Users\Administrator\Desktop\Software_Engineering\MiniProjects\techblog\venv\Lib\site-packages\jinja2\environment.py", line 768, in compile
    self.handle_exception(source=source_hint)
  File "C:\Users\Administrator\Desktop\Software_Engineering\MiniProjects\techblog\venv\Lib\site-packages\jinja2\environment.py", line 936, in handle_exception
    raise rewrite_traceback_stack(source=source)
  File "C:\Users\Administrator\Desktop\Software_Engineering\MiniProjects\techblog\app\templates\index.html", line 26, in template
    {% endblock %}
jinja2.exceptions.TemplateSyntaxError: Encountered unknown tag 'endblock'. You probably made a nesting mistake. Jinja is expecting this tag, but currently looking for 'elif' or 'else' or 'endif'. The innermost block that needs to be closed is 'if'.
2024-02-27 12:36:37,257 INFO: TechBlog`s startup [in C:\Users\Administrator\Desktop\Software_Engineering\MiniProjects\techblog\app\__init__.py:46]
2024-02-27 13:07:18,954 INFO: TechBlog`s startup [in C:\Users\Administrator\Desktop\Software_Engineering\MiniProjects\techblog\app\__init__.py:46]
